C51 COMPILER V9.01   MAIN                                                                  07/04/2020 11:09:30 PAGE 1   


C51 COMPILER V9.01, COMPILATION OF MODULE MAIN
OBJECT MODULE PLACED IN main.OBJ
COMPILER INVOKED BY: C:\Keil\C51\BIN\C51.EXE main.c BROWSE DEBUG OBJECTEXTEND

line level    source

   1          #include <REGX51.H>
   2          #include"..\lib\delay.h"
   3          
   4          #define START_BTN P1_0
   5          #define STOP_BTN P1_1
   6          #define LED P0
   7          unsigned char KiemTraVaQuetPhim()
   8          {
   9   1              unsigned char i;
  10   1              for(i = 0; i < 100 ; i++)
  11   1              {
  12   2                      Delay_ms(10);
  13   2                      if(STOP_BTN == 0)
  14   2                      {
  15   3                       LED = 0x00;
  16   3                       return 1;
  17   3                      }
  18   2              }
  19   1              return 0;
  20   1      }
  21          void main()
  22          {       
  23   1      
  24   1              LED = 0x00;
  25   1              while(1)
  26   1              {
  27   2                      if(START_BTN == 0)
  28   2                      {
  29   3                              while(1)
  30   3                              {
  31   4                                      LED = ~LED;
  32   4                                      if(KiemTraVaQuetPhim())
  33   4                                       break;
  34   4      
  35   4                              }
  36   3                      }
  37   2              }
  38   1      }


MODULE INFORMATION:   STATIC OVERLAYABLE
   CODE SIZE        =     48    ----
   CONSTANT SIZE    =   ----    ----
   XDATA SIZE       =   ----    ----
   PDATA SIZE       =   ----    ----
   DATA SIZE        =   ----       1
   IDATA SIZE       =   ----    ----
   BIT SIZE         =   ----    ----
END OF MODULE INFORMATION.


C51 COMPILATION COMPLETE.  0 WARNING(S),  0 ERROR(S)
