C51 COMPILER V9.01   MAIN                                                                  09/14/2021 14:56:59 PAGE 1   


C51 COMPILER V9.01, COMPILATION OF MODULE MAIN
OBJECT MODULE PLACED IN main.OBJ
COMPILER INVOKED BY: D:\Program Files \Keil4\C51\BIN\C51.EXE main.c BROWSE DEBUG OBJECTEXTEND

line level    source

   1          #include <REGX51.H>
   2          
   3          #define LED P3
   4          
   5          #define LED1 P2_0
   6          #define LED2 P2_1
   7          #define LED3 P2_2
   8          #define LED4 P2_3
   9          
  10          unsigned char code Code7Seg[]={ 0xC0, 0xF9, 0xA4, 0xB0, 0x99, 0x92, 0x82, 0xF8, 0x80, 0x90};
  11          
  12          void Delay_ms (unsigned int t) {
  13   1              
  14   1              unsigned int x, y;
  15   1              
  16   1              for (x = 0; x < t; x++)
  17   1              {
  18   2                      for (y = 0; y < 123; y++);
  19   2              }
  20   1              
  21   1      }
  22          
  23          void Display(unsigned int digit)
  24          {
  25   1                // nghin
  26   1                LED  = Code7Seg[digit/1000] ;
  27   1                LED1 = 0;
  28   1                Delay_ms(1);
  29   1                LED1 = 1;
  30   1                digit %=1000;
  31   1                // tram
  32   1                LED  = Code7Seg[digit/100] ;
  33   1                LED2 = 0;
  34   1                Delay_ms(1);
  35   1                LED2 = 1;
  36   1                 digit %=100;
  37   1                // chuc
  38   1                LED  = Code7Seg[digit/10] ;
  39   1                LED3 = 0;
  40   1                Delay_ms(1);
  41   1                LED3 = 1;
  42   1                // dvi
  43   1                LED  = Code7Seg[digit%10] ;
  44   1                LED4 = 0;
  45   1                Delay_ms(1);
  46   1                LED4 = 1;
  47   1      
  48   1      }
  49          
  50          void main()                             
  51          {
  52   1              unsigned int i=0,j=0;
  53   1              
  54   1      
  55   1                for(i = 0; i <147; i++)
C51 COMPILER V9.01   MAIN                                                                  09/14/2021 14:56:59 PAGE 2   

  56   1             {
  57   2                      for(j=0 ;j<1;j++)
  58   2                      {                               
  59   3                      Display(i);
  60   3                      if(i==146)
  61   3                       while(1)
  62   3                       {
  63   4                                      Display(i);
  64   4                       }
  65   3                      }
  66   2                }
  67   1      
  68   1      
  69   1      }


MODULE INFORMATION:   STATIC OVERLAYABLE
   CODE SIZE        =    272    ----
   CONSTANT SIZE    =     10    ----
   XDATA SIZE       =   ----    ----
   PDATA SIZE       =   ----    ----
   DATA SIZE        =   ----       6
   IDATA SIZE       =   ----    ----
   BIT SIZE         =   ----    ----
END OF MODULE INFORMATION.


C51 COMPILATION COMPLETE.  0 WARNING(S),  0 ERROR(S)
