C51 COMPILER V9.01   LCD_8BIT                                                              07/05/2020 13:45:52 PAGE 1   


C51 COMPILER V9.01, COMPILATION OF MODULE LCD_8BIT
OBJECT MODULE PLACED IN .\LCD_8bit.obj
COMPILER INVOKED BY: C:\Keil\C51\BIN\C51.EXE ..\lib\LCD_8bit.c BROWSE DEBUG OBJECTEXTEND PRINT(.\LCD_8bit.lst) OBJECT(.\
                    -LCD_8bit.obj)

line level    source

   1          #include"LCD_8bit.h"
   2          #include"delay.h"
   3          
   4          void LCD_char_c(unsigned char row, unsigned char col,unsigned char c)
   5          {
   6   1              unsigned char cmd;
   7   1              cmd = (row==1?0x80:0xC0) + col - 1;
   8   1              LCD_cmd(cmd);
   9   1      
  10   1              LCD_char_CP(c);
  11   1      }
  12          void LCD_cmd(unsigned char cmd)
  13          {
  14   1              RS = 0;         // gui lenh
  15   1              LCD = cmd;
  16   1              E = 0;
  17   1              E = 1;
  18   1              if( cmd <= 0x02)
  19   1              {
  20   2                      Delay_ms(2);
  21   2              } 
  22   1              else
  23   1              {
  24   2                      Delay_ms(1);
  25   2              }
  26   1      }
  27          void LCD_Init_8bit()
  28          {
  29   1              LCD_cmd(0x30);
  30   1              Delay_ms(5);
  31   1              LCD_cmd(0x30);
  32   1              Delay_ms(1);
  33   1              LCD_cmd(0x30);
  34   1      
  35   1              LCD_cmd(0x38);   // chon so dong hien thi , font hien thi
  36   1              LCD_cmd(0x01);    // xoa noi dung hien thi
  37   1              LCD_cmd(0x0C);    // bat hien thi va tat con tro
  38   1      
  39   1      }
  40          
  41          void LCD_Init_4bit()
  42          {
  43   1              LCD_cmd(0x30);
  44   1              Delay_ms(5);
  45   1              LCD_cmd(0x30);
  46   1              Delay_ms(1);
  47   1              Delay_ms(0x30);
  48   1      
  49   1              LCD_cmd(0x30);
  50   1              LCD_cmd(0x30);
  51   1              LCD_cmd(0xf0);
  52   1              LCD_cmd(0x00);
  53   1              LCD_cmd(0x80);
  54   1              LCD_cmd(0x00);
C51 COMPILER V9.01   LCD_8BIT                                                              07/05/2020 13:45:52 PAGE 2   

  55   1              LCD_cmd(0x10);
  56   1      
  57   1      
  58   1      }
  59          void LCD_char_CP( char Data)
  60          {
  61   1              RS = 1;         // gui du lieu
  62   1              LCD = Data;
  63   1              E = 0;
  64   1              E = 1;
  65   1              Delay_ms(1);
  66   1      }
  67          void LCD_char(char *str)
  68          {
  69   1              unsigned char i = 0;
  70   1              while(str[i]!= 0)
  71   1              {
  72   2                      LCD_char_CP(str[i]);
  73   2                      i++;
  74   2              }
  75   1      }
  76          void LCD_char_str(unsigned char row, unsigned char col, char *str)
  77          {
  78   1              unsigned char cmd;
  79   1              cmd = (row==1?0x80:0xC0) + col - 1;
  80   1              LCD_cmd(cmd);
  81   1      
  82   1              LCD_char(str);
  83   1      }


MODULE INFORMATION:   STATIC OVERLAYABLE
   CODE SIZE        =    240    ----
   CONSTANT SIZE    =   ----    ----
   XDATA SIZE       =   ----    ----
   PDATA SIZE       =   ----    ----
   DATA SIZE        =   ----       8
   IDATA SIZE       =   ----    ----
   BIT SIZE         =   ----    ----
END OF MODULE INFORMATION.


C51 COMPILATION COMPLETE.  0 WARNING(S),  0 ERROR(S)
