C51 COMPILER V9.01   MAIN                                                                  07/05/2020 13:45:52 PAGE 1   


C51 COMPILER V9.01, COMPILATION OF MODULE MAIN
OBJECT MODULE PLACED IN main.OBJ
COMPILER INVOKED BY: C:\Keil\C51\BIN\C51.EXE main.c BROWSE DEBUG OBJECTEXTEND

line level    source

   1          
   2          #include"..\lib\delay.h"
   3          #include"..\lib\LCD_8bit.h"
   4          
   5          
   6          
   7          
   8          void main()
   9          {
  10   1      
  11   1                      LCD_Init_8bit();
  12   1                      LCD_char_CP(0xE0);
  13   1                      LCD_char_str(2,2,"I LOVE YOU");
  14   1                      
  15   1      
  16   1              //      LCD_cmd(0x1C);   // dich sang phai
  17   1              //      LCD_cmd(0x02); // return lai vi tri ban dau
  18   1              
  19   1              
  20   1                      
  21   1              while(1)
  22   1              {
  23   2              
  24   2              }
  25   1      }


MODULE INFORMATION:   STATIC OVERLAYABLE
   CODE SIZE        =     23    ----
   CONSTANT SIZE    =     11    ----
   XDATA SIZE       =   ----    ----
   PDATA SIZE       =   ----    ----
   DATA SIZE        =   ----    ----
   IDATA SIZE       =   ----    ----
   BIT SIZE         =   ----    ----
END OF MODULE INFORMATION.


C51 COMPILATION COMPLETE.  0 WARNING(S),  0 ERROR(S)
