C51 COMPILER V9.01   MAIN                                                                  07/06/2020 12:08:18 PAGE 1   


C51 COMPILER V9.01, COMPILATION OF MODULE MAIN
OBJECT MODULE PLACED IN main.OBJ
COMPILER INVOKED BY: C:\Keil\C51\BIN\C51.EXE main.c BROWSE DEBUG OBJECTEXTEND

line level    source

   1          #include <REGX51.H>
   2          #include"..\lib\delay.h"
   3          
   4          void Uart_Mode0(unsigned char cmd)
   5          {
   6   1               SBUF = cmd;
   7   1      
   8   1              while(TI == 0);
   9   1              TI = 0;
  10   1      
  11   1              P3_2 = 0;
  12   1              P3_2 = 1;
  13   1      }
  14          void main()
  15          {       
  16   1              unsigned char i;           
  17   1              SM0 = SM1 = 0; // Uart_Mode 0   
  18   1              while(1)
  19   1              {
  20   2              for(i = 0; i<10 ; i++)
  21   2              {
  22   3                      Uart_Mode0(0x00);
  23   3                      Delay_ms(1000);
  24   3                      Uart_Mode0(0xff);
  25   3                      Delay_ms(500);
  26   3              }       
  27   2              }
  28   1      }


MODULE INFORMATION:   STATIC OVERLAYABLE
   CODE SIZE        =     54    ----
   CONSTANT SIZE    =   ----    ----
   XDATA SIZE       =   ----    ----
   PDATA SIZE       =   ----    ----
   DATA SIZE        =   ----       1
   IDATA SIZE       =   ----    ----
   BIT SIZE         =   ----    ----
END OF MODULE INFORMATION.


C51 COMPILATION COMPLETE.  0 WARNING(S),  0 ERROR(S)
