C51 COMPILER V9.01   MAIN                                                                  09/14/2021 12:49:36 PAGE 1   


C51 COMPILER V9.01, COMPILATION OF MODULE MAIN
OBJECT MODULE PLACED IN main.OBJ
COMPILER INVOKED BY: D:\Program Files \Keil4\C51\BIN\C51.EXE main.c BROWSE DEBUG OBJECTEXTEND

line level    source

   1          #include <REGX51.H>
   2          #include <stdio.h>
   3          #include <stdlib.h>
   4          
   5          
   6          #define LED P3
   7          #define LED1 P2_0
   8          #define LED2 P2_1
   9          #define LED3 P2_2
  10          #define LED4 P2_3
  11          
  12          #define btn_up P1_0
  13          #define btn_down P1_1
  14          #define btn_random      P1_2
  15          
  16          
  17          unsigned char code Code7Seg[]={ 0xC0, 0xF9, 0xA4, 0xB0, 0x99, 0x92, 0x82, 0xF8, 0x80, 0x90};
  18          
  19          void Delay_ms (unsigned int t) {
  20   1              
  21   1              unsigned int x, y;
  22   1              
  23   1              for (x = 0; x < t; x++)
  24   1              {
  25   2                      for (y = 0; y < 123; y++);
  26   2              }
  27   1              
  28   1      }
  29          
  30          void Display(unsigned int digit)
  31          {
  32   1                // nghin
  33   1                LED  = Code7Seg[digit/1000] ;
  34   1                LED1 = 0;
  35   1                Delay_ms(1);
  36   1                LED1 = 1;
  37   1                digit %=1000;
  38   1                // tram
  39   1                LED  = Code7Seg[digit/100] ;
  40   1                LED2 = 0;
  41   1                Delay_ms(1);
  42   1                LED2 = 1;
  43   1                 digit %=100;
  44   1                // chuc
  45   1                LED  = Code7Seg[digit/10] ;
  46   1                LED3 = 0;
  47   1                Delay_ms(1);
  48   1                LED3 = 1;
  49   1                // dvi
  50   1                LED  = Code7Seg[digit%10] ;
  51   1                LED4 = 0;
  52   1                Delay_ms(1);
  53   1                LED4 = 1;
  54   1      
  55   1      }
C51 COMPILER V9.01   MAIN                                                                  09/14/2021 12:49:36 PAGE 2   

  56          
  57          unsigned int random()
  58          {
  59   1                      return rand()%10000;
  60   1      }
  61          
  62          void main()                             
  63          {
  64   1              unsigned int i=0,j=0;
  65   1              unsigned char status = 1;
  66   1              
  67   1              while(1 )
  68   1              {       
  69   2                      for(j=0 ;j<80;j++)
  70   2                      {                               
  71   3                      Display(i);
  72   3                      }
  73   2                      if(btn_up == 0)
  74   2                       { Delay_ms(20);
  75   3                        if(btn_up == 0)
  76   3                        {
  77   4                          status = 1;
  78   4                              while(btn_up==0);
  79   4                         }
  80   3                        }
  81   2                      if(btn_down == 0)
  82   2                       { Delay_ms(20);
  83   3                        if(btn_down == 0)
  84   3                        {
  85   4                          status = 0;
  86   4                              while(btn_down ==0);
  87   4                         }
  88   3                        }
  89   2                       if(btn_random == 0)
  90   2                       { Delay_ms(20);
  91   3                        if(btn_random == 0)
  92   3                        {
  93   4                          status = 3;
  94   4                              while(btn_random ==0);
  95   4                         }
  96   3                        }
  97   2                      if(status == 1)
  98   2                       i++;
  99   2                      else if(status == 0)
 100   2                       i--;
 101   2                      else 
 102   2                        i = random();
 103   2                      if(i < 0 ||i > 1000)
 104   2                       i == 0;
*** WARNING C275 IN LINE 104 OF MAIN.C: expression with possibly no effect
 105   2      
 106   2              }
 107   1      }


MODULE INFORMATION:   STATIC OVERLAYABLE
   CODE SIZE        =    368    ----
   CONSTANT SIZE    =     10    ----
   XDATA SIZE       =   ----    ----
   PDATA SIZE       =   ----    ----
   DATA SIZE        =   ----       7
   IDATA SIZE       =   ----    ----
C51 COMPILER V9.01   MAIN                                                                  09/14/2021 12:49:36 PAGE 3   

   BIT SIZE         =   ----    ----
END OF MODULE INFORMATION.


C51 COMPILATION COMPLETE.  1 WARNING(S),  0 ERROR(S)
