C51 COMPILER V9.01   MAIN                                                                  04/17/2021 19:21:39 PAGE 1   


C51 COMPILER V9.01, COMPILATION OF MODULE MAIN
OBJECT MODULE PLACED IN main.OBJ
COMPILER INVOKED BY: D:\Program Files\Keilc\C51\BIN\C51.EXE main.c BROWSE DEBUG OBJECTEXTEND

line level    source

   1          #include"..\lib\Uart.h"
   2          
   3          void main()
   4          {
   5   1      
   6   1              Uart_Init();
   7   1              
   8   1              while(1)
   9   1              {
  10   2                      if(Uart_Ready() == 1)
  11   2                      {
  12   3                       P1 = Uart_Read_Mode1();
  13   3                      }       
  14   2              }
  15   1      }


MODULE INFORMATION:   STATIC OVERLAYABLE
   CODE SIZE        =     15    ----
   CONSTANT SIZE    =   ----    ----
   XDATA SIZE       =   ----    ----
   PDATA SIZE       =   ----    ----
   DATA SIZE        =   ----    ----
   IDATA SIZE       =   ----    ----
   BIT SIZE         =   ----    ----
END OF MODULE INFORMATION.


C51 COMPILATION COMPLETE.  0 WARNING(S),  0 ERROR(S)
