C51 COMPILER V9.01   MAIN                                                                  07/04/2020 11:23:04 PAGE 1   


C51 COMPILER V9.01, COMPILATION OF MODULE MAIN
OBJECT MODULE PLACED IN main.OBJ
COMPILER INVOKED BY: C:\Keil\C51\BIN\C51.EXE main.c BROWSE DEBUG OBJECTEXTEND

line level    source

   1          #include <REGX51.H>
   2          #include"..\lib\delay.h"
   3          
   4          #define BTN P1_0
   5          #define LED P0
   6          
   7          void KT()
   8          {
   9   1              unsigned char i;
  10   1              for(i = 0; i< 50; i++)
  11   1              {
  12   2                      Delay_ms(10);
  13   2                      if( BTN == 0)
  14   2                      break;
  15   2              }
  16   1      }
  17          
  18          void main()
  19          {
  20   1       unsigned char i;
  21   1       LED = 0x00;
  22   1       while(1)
  23   1       {
  24   2              for(i = 0; i < 8 ; i++)
  25   2              {
  26   3                      LED = ~LED;
  27   3                  KT();
  28   3              }
  29   2              LED = 0x01;     
  30   2              for(i = 0; i < 8; i++)
  31   2              {
  32   3                      LED = LED << 1;
  33   3                      KT();
  34   3              }
  35   2              for(i = 0; i < 8; i++)
  36   2              {
  37   3                      LED = (LED >> 1)|(0x80);
  38   3                      KT();
  39   3              }
  40   2       }
  41   1      }


MODULE INFORMATION:   STATIC OVERLAYABLE
   CODE SIZE        =     93    ----
   CONSTANT SIZE    =   ----    ----
   XDATA SIZE       =   ----    ----
   PDATA SIZE       =   ----    ----
   DATA SIZE        =   ----       2
   IDATA SIZE       =   ----    ----
   BIT SIZE         =   ----    ----
END OF MODULE INFORMATION.


C51 COMPILATION COMPLETE.  0 WARNING(S),  0 ERROR(S)
