C51 COMPILER V9.01   MAIN                                                                  07/04/2020 18:54:21 PAGE 1   


C51 COMPILER V9.01, COMPILATION OF MODULE MAIN
OBJECT MODULE PLACED IN main.OBJ
COMPILER INVOKED BY: C:\Keil\C51\BIN\C51.EXE main.c BROWSE DEBUG OBJECTEXTEND

line level    source

   1          #include <REGX51.H>
   2          #include"..\lib\delay.h"
   3          
   4          #define Led P3
   5          #define Led1_PIN P2_0
   6          #define Led2_PIN P2_1
   7          
   8          unsigned char code Code7Seg[]={ 0xC0, 0xF9, 0xA4, 0xB0, 0x99, 0x92, 0x82, 0xF8, 0x80, 0x90};
   9          
  10          void main()
  11          {
  12   1              unsigned int i,j;
  13   1              while(1)
  14   1              {
  15   2                      for(i = 0; i<100; i++)
  16   2                      {
  17   3                              for(j = 0; j < 500; j++)
  18   3                              {
  19   4                                      Led =  Code7Seg[i/10];
  20   4                                      Led1_PIN = 0;
  21   4                                      Delay_ms(1);
  22   4                                      Led1_PIN = 1;
  23   4              
  24   4                                      Led = Code7Seg[i%10];
  25   4                                      Led2_PIN = 0;
  26   4                                      Delay_ms(1);
  27   4                                      Led2_PIN = 1;
  28   4                              }
  29   3                      }       
  30   2              }
  31   1      }


MODULE INFORMATION:   STATIC OVERLAYABLE
   CODE SIZE        =    118    ----
   CONSTANT SIZE    =     10    ----
   XDATA SIZE       =   ----    ----
   PDATA SIZE       =   ----    ----
   DATA SIZE        =   ----       4
   IDATA SIZE       =   ----    ----
   BIT SIZE         =   ----    ----
END OF MODULE INFORMATION.


C51 COMPILATION COMPLETE.  0 WARNING(S),  0 ERROR(S)
