C51 COMPILER V9.01   MAIN                                                                  07/06/2020 22:28:07 PAGE 1   


C51 COMPILER V9.01, COMPILATION OF MODULE MAIN
OBJECT MODULE PLACED IN main.OBJ
COMPILER INVOKED BY: C:\Keil\C51\BIN\C51.EXE main.c BROWSE DEBUG OBJECTEXTEND

line level    source

   1          #include <REGX51.H>
   2          
   3          void Delay_ms(unsigned int i)
   4          {
   5   1      
   6   1              TMOD &= 0xF0;  // chon timer 0
   7   1              TMOD |= 0x01;
   8   1         do{
   9   2                              TH0 = 0xFC;
  10   2                              TL0 = 0x18;
  11   2                              TR0 = 1;          // cho phep dem xung
  12   2                              while(TF0 == 0);
  13   2                               TF0 = 0;
  14   2                              TR0 = 0;
  15   2                      i--;
  16   2              }while(i!=0);
  17   1      
  18   1      }
  19          void main()
  20          {
  21   1      
  22   1               P2_0 = 0;
  23   1              while(1)
  24   1              {
  25   2              P2_0 = !P2_0;
  26   2              Delay_ms(1000); 
  27   2              }
  28   1      }


MODULE INFORMATION:   STATIC OVERLAYABLE
   CODE SIZE        =     44    ----
   CONSTANT SIZE    =   ----    ----
   XDATA SIZE       =   ----    ----
   PDATA SIZE       =   ----    ----
   DATA SIZE        =   ----    ----
   IDATA SIZE       =   ----    ----
   BIT SIZE         =   ----    ----
END OF MODULE INFORMATION.


C51 COMPILATION COMPLETE.  0 WARNING(S),  0 ERROR(S)
