C51 COMPILER V9.01   MAIN                                                                  07/09/2020 09:01:02 PAGE 1   


C51 COMPILER V9.01, COMPILATION OF MODULE MAIN
OBJECT MODULE PLACED IN main.OBJ
COMPILER INVOKED BY: C:\Keil\C51\BIN\C51.EXE main.c BROWSE DEBUG OBJECTEXTEND

line level    source

   1          #include <REGX51.H>
   2          
   3          #define SPI_SCK  P2_0
   4          #define SPI_MOSI P2_1
   5          #define SPI_MISO P2_2
   6          #define SPI_SS   P2_3
   7          
   8          void SPI_Init()
   9          {
  10   1         SPI_SCK  = 0;
  11   1         SPI_MISO = 1;
  12   1         SPI_SS = 1;
  13   1      }
  14          
  15          void SPI_Write_Byte(unsigned char b)
  16          {
  17   1              unsigned char i;
  18   1              for(i = 0; i < 8; i++)
  19   1               {
  20   2                      
  21   2                       if(b&0x80 != 0)
  22   2                       {
  23   3                              SPI_MOSI = 1;
  24   3                       }
  25   2                       else
  26   2                       {
  27   3                              SPI_MISO = 0;
  28   3                       }
  29   2                       SPI_SCK = 1;
  30   2                       SPI_SCK = 0;
  31   2                       b <<= 1;
  32   2               }
  33   1      }
  34          unsigned char SPI_Read()
  35          {
  36   1              unsigned char i,b;
  37   1      
  38   1              for( i = 0 ; i < 8 ; i++)
  39   1              {          
  40   2                      b <<= 1;
  41   2                      SPI_SCK = 1;
  42   2                      if(SPI_MOSI)
  43   2                       b |=0x01;
  44   2                      SPI_SCK = 0;
  45   2              }
  46   1              return b;
  47   1      }
  48          void main()
  49          {
  50   1              SPI_Init();
  51   1              SPI_SS = 0;
  52   1              P2 = SPI_Read();
  53   1              SPI_SS = 1;
  54   1              while(1)
  55   1              {
C51 COMPILER V9.01   MAIN                                                                  07/09/2020 09:01:02 PAGE 2   

  56   2                              
  57   2              }
  58   1      }


MODULE INFORMATION:   STATIC OVERLAYABLE
   CODE SIZE        =     67    ----
   CONSTANT SIZE    =   ----    ----
   XDATA SIZE       =   ----    ----
   PDATA SIZE       =   ----    ----
   DATA SIZE        =   ----    ----
   IDATA SIZE       =   ----    ----
   BIT SIZE         =   ----    ----
END OF MODULE INFORMATION.


C51 COMPILATION COMPLETE.  0 WARNING(S),  0 ERROR(S)
