C51 COMPILER V9.01   MAIN                                                                  03/11/2021 09:06:15 PAGE 1   


C51 COMPILER V9.01, COMPILATION OF MODULE MAIN
OBJECT MODULE PLACED IN main.OBJ
COMPILER INVOKED BY: D:\Program Files\Keilc\C51\BIN\C51.EXE main.c BROWSE DEBUG OBJECTEXTEND

line level    source

   1          #include <REGX51.H>
   2          #include"..\lib\delay.h"
   3          
   4          #define BTN P1_0
   5          #define LED P2
   6          
   7          void KT()
   8          {
   9   1              unsigned char i;
  10   1              for(i = 0; i< 50; i++)
  11   1              {
  12   2                      Delay_ms(10);
  13   2                      if( BTN == 0)
  14   2                      {
  15   3                       Delay_ms(20);
  16   3                       if(BTN == 0)
  17   3                        { break;
  18   4                         while(BTN == 0);
  19   4                        }
  20   3                      }
  21   2      
  22   2              }
  23   1      }
  24          
  25          void main()
  26          {
  27   1       unsigned char i;
  28   1       LED = 0x00;
  29   1       while(1)
  30   1       {
  31   2              for(i = 0; i < 8 ; i++)
  32   2              {
  33   3                      LED = ~LED;
  34   3                  KT();
  35   3              }
  36   2              LED = 0x01;     
  37   2              for(i = 0; i < 8; i++)
  38   2              {
  39   3                      LED = LED << 1;
  40   3                      KT();
  41   3              }
  42   2              for(i = 0; i < 8; i++)
  43   2              {
  44   3                      LED = (LED >> 1)|(0x80);
  45   3                      KT();
  46   3              }
  47   2       }
  48   1      }


MODULE INFORMATION:   STATIC OVERLAYABLE
   CODE SIZE        =    104    ----
   CONSTANT SIZE    =   ----    ----
   XDATA SIZE       =   ----    ----
   PDATA SIZE       =   ----    ----
C51 COMPILER V9.01   MAIN                                                                  03/11/2021 09:06:15 PAGE 2   

   DATA SIZE        =   ----       2
   IDATA SIZE       =   ----    ----
   BIT SIZE         =   ----    ----
END OF MODULE INFORMATION.


C51 COMPILATION COMPLETE.  0 WARNING(S),  0 ERROR(S)
