C51 COMPILER V9.01   MAIN                                                                  07/06/2020 23:18:54 PAGE 1   


C51 COMPILER V9.01, COMPILATION OF MODULE MAIN
OBJECT MODULE PLACED IN main.OBJ
COMPILER INVOKED BY: C:\Keil\C51\BIN\C51.EXE main.c BROWSE DEBUG OBJECTEXTEND

line level    source

   1          #include <REGX52.H>
   2          #include"..\lib\delay.h"
   3          
   4          #define LED  P0
   5          #define LED1 P2_0
   6          #define LED2 P2_1
   7          #define LED3 P2_2
   8          #define LED4 P2_3
   9          #define LED5 P2_4
  10          
  11          unsigned char code Code7Seg[]={ 0xC0, 0xF9, 0xA4, 0xB0, 0x99, 0x92, 0x82, 0xF8, 0x80, 0x90};
  12          
  13          void Display(unsigned int digit)
  14          {
  15   1                // Chuc nghin
  16   1                LED = Code7Seg[digit/10000] ;
  17   1                LED1 = 0;
  18   1                Delay_ms(1);
  19   1                LED1 = 1;
  20   1                digit %=10000; 
  21   1                // nghin
  22   1                LED  = Code7Seg[digit/1000] ;
  23   1                LED2 = 0;
  24   1                Delay_ms(1);
  25   1                LED2 = 1;
  26   1                digit %=1000;
  27   1                // tram
  28   1                LED  = Code7Seg[digit/100] ;
  29   1                LED3 = 0;
  30   1                Delay_ms(1);
  31   1                LED3 = 1;
  32   1                 digit %=100;
  33   1                // chuc
  34   1                LED  = Code7Seg[digit/10] ;
  35   1                LED4 = 0;
  36   1                Delay_ms(1);
  37   1                LED4 = 1;
  38   1                // dvi
  39   1                LED  = Code7Seg[digit%10] ;
  40   1                LED5 = 0;
  41   1                Delay_ms(1);
  42   1                LED5 = 1;
  43   1      
  44   1      }
  45          void main()
  46          {
  47   1               unsigned char high , low;
  48   1               unsigned int number;
  49   1               TMOD &= 0xF0;   // chon set timer 0, dem xung
  50   1               TMOD |= 0x05;  
  51   1               TR0   = 1;
  52   1      
  53   1              while(1)
  54   1              {
  55   2                      high = TH0;
C51 COMPILER V9.01   MAIN                                                                  07/06/2020 23:18:54 PAGE 2   

  56   2                      low  = TL0;
  57   2                      number = high;
  58   2                      number <<= 8 ;
  59   2                      number |= low ;
  60   2                      Display(number);        
  61   2              }
  62   1      }


MODULE INFORMATION:   STATIC OVERLAYABLE
   CODE SIZE        =    266    ----
   CONSTANT SIZE    =     10    ----
   XDATA SIZE       =   ----    ----
   PDATA SIZE       =   ----    ----
   DATA SIZE        =   ----       6
   IDATA SIZE       =   ----    ----
   BIT SIZE         =   ----    ----
END OF MODULE INFORMATION.


C51 COMPILATION COMPLETE.  0 WARNING(S),  0 ERROR(S)
