C51 COMPILER V9.01   MAIN                                                                  07/04/2020 14:22:22 PAGE 1   


C51 COMPILER V9.01, COMPILATION OF MODULE MAIN
OBJECT MODULE PLACED IN main.OBJ
COMPILER INVOKED BY: C:\Keil\C51\BIN\C51.EXE main.c BROWSE DEBUG OBJECTEXTEND

line level    source

   1          #include <REGX51.H>
   2          #include"..\lib\delay.h"
   3          
   4          #define LED P2
   5          unsigned char code Code7Seg[]={ 0xC0, 0xF9, 0xA4, 0xB0, 0x99, 0x92, 0x82, 0xF8, 0x80, 0x90};
   6          
   7          
   8          void main()
   9          {
  10   1              unsigned char i;
  11   1              while(1)
  12   1              {
  13   2               for(i = 0; i < 10; i++)
  14   2                {
  15   3                      LED = Code7Seg[i];
  16   3                      Delay_ms(500);
  17   3                }
  18   2                      
  19   2              }
  20   1      }


MODULE INFORMATION:   STATIC OVERLAYABLE
   CODE SIZE        =     29    ----
   CONSTANT SIZE    =     10    ----
   XDATA SIZE       =   ----    ----
   PDATA SIZE       =   ----    ----
   DATA SIZE        =   ----       1
   IDATA SIZE       =   ----    ----
   BIT SIZE         =   ----    ----
END OF MODULE INFORMATION.


C51 COMPILATION COMPLETE.  0 WARNING(S),  0 ERROR(S)
