C51 COMPILER V9.01   MAIN                                                                  07/09/2020 21:35:58 PAGE 1   


C51 COMPILER V9.01, COMPILATION OF MODULE MAIN
OBJECT MODULE PLACED IN main.OBJ
COMPILER INVOKED BY: C:\Keil\C51\BIN\C51.EXE main.c BROWSE DEBUG OBJECTEXTEND

line level    source

   1          #include <REGX52.H>
   2          
   3          #define PWM_PIN  P2_0
   4          unsigned int Ton, Toff, T;
   5          unsigned char Ton_h_reload, Ton_l_reload, Toff_h_reload, Toff_l_reload;
   6          
   7          void PWM_Init(unsigned int ck, unsigned duty)
   8          {
   9   1              if( duty == 0)
  10   1              {
  11   2               TR0 = 0;
  12   2               PWM_PIN = 0;
  13   2              }
  14   1              else if( duty == 100)
  15   1              {
  16   2              TR0 = 0;
  17   2              PWM_PIN = 1;
  18   2              }
  19   1              else{
  20   2              PWM_PIN  = 1;
  21   2              
  22   2              TMOD &= 0x80; // timer 0 mode 1
  23   2              TMOD |= 0x01;
  24   2      
  25   2              ET0 = 1;
  26   2              EA = 1;
  27   2      
  28   2              T = ck;
  29   2              Ton = ((unsigned long)T) * duty/100;
  30   2              Toff = T - Ton;
  31   2              Ton_h_reload = (65536 - Ton)>>8;
  32   2              Ton_l_reload =  (65536 - Ton)&0x00FF;
  33   2              Toff_h_reload = (65536 - Toff)>>8;
  34   2              Toff_l_reload =  (65536 - Toff)&0x00FF;
  35   2      
  36   2      
  37   2              TH0 = Ton_h_reload  ;
  38   2              TL0 = Ton_l_reload ;
  39   2              }
  40   1      }
  41          void PWM_Start()
  42          {
  43   1              TR0 = 1;
  44   1      }
  45          void PWM_Stop()
  46          {
  47   1              TR0 = 0;
  48   1      }
  49          
  50          void main()
  51          {
  52   1              unsigned char i;
  53   1              while(1)
  54   1              {        
  55   2                 for( i = 0; i<= 100; i++)
C51 COMPILER V9.01   MAIN                                                                  07/09/2020 21:35:58 PAGE 2   

  56   2                      {
  57   3                              PWM_Init(10000,i);
  58   3                              PWM_Start();
  59   3                      }
  60   2              }
  61   1      }
  62          void NgatOverloop(void) interrupt 1
  63          {
  64   1              P2_0 = !P2_0;
  65   1              if(P2_0 == 0)
  66   1               {
  67   2                      TH0 = Toff_h_reload;
  68   2                      TL0 = Toff_l_reload;
  69   2               }
  70   1              else
  71   1              {
  72   2                      TH0 =  Ton_h_reload;
  73   2                      TL0 =  Ton_l_reload ;
  74   2              }
  75   1      }


MODULE INFORMATION:   STATIC OVERLAYABLE
   CODE SIZE        =    196    ----
   CONSTANT SIZE    =   ----    ----
   XDATA SIZE       =   ----    ----
   PDATA SIZE       =   ----    ----
   DATA SIZE        =     10       1
   IDATA SIZE       =   ----    ----
   BIT SIZE         =   ----    ----
END OF MODULE INFORMATION.


C51 COMPILATION COMPLETE.  0 WARNING(S),  0 ERROR(S)
