C51 COMPILER V9.01   MAIN                                                                  04/23/2021 21:14:31 PAGE 1   


C51 COMPILER V9.01, COMPILATION OF MODULE MAIN
OBJECT MODULE PLACED IN main.OBJ
COMPILER INVOKED BY: D:\Program Files\Keilc\C51\BIN\C51.EXE main.c BROWSE DEBUG OBJECTEXTEND

line level    source

   1          
   2          #include"..\lib\Uart.h"
   3          #include"..\lib\delay.h"
   4          sbit TI1=0xC0;
   5          
   6          #define SW P1_0
   7          char *str1 = "Normal Speed";
   8          
   9          void Uart_Write_Text1( char *str)
  10          {
  11   1      unsigned char i;
  12   1      while(str[i]!=0)
  13   1      {
  14   2               while(TI == 0);
  15   2               TI = 0;
  16   2               SBUF = str[i];
  17   2               i++;
  18   2      }
  19   1      }
  20          
  21          void main()
  22          {
  23   1              unsigned char i;
  24   1      
  25   1              //SM0 = 0; // set mode 1 UART
  26   1              //SM1 = 1; //    set mode 1 UART
  27   1              TMOD &= 0x0F;
  28   1              TMOD |= 0x20; // thiet lap che do 8 bit tu dong nap la
  29   1              //PCON |=0x80;
  30   1              //TI = 1;       // san sang nhan du lieu
  31   1                      TH1 = 0xFA;
  32   1              SCON = 0x50; 
  33   1              TI = 1;
  34   1      
  35   1              TR1 = 1;
  36   1              
  37   1                 while(1)
  38   1                 {
  39   2      
  40   2                      for( i = 0; i<12; i++)
  41   2                      {
  42   3                      SBUF = str1[i];
  43   3                      while(TI == 0);
  44   3                      TI =0;
  45   3                      }
  46   2                      }
  47   1      
  48   1      
  49   1      
  50   1      }


MODULE INFORMATION:   STATIC OVERLAYABLE
   CODE SIZE        =     95    ----
   CONSTANT SIZE    =     13    ----
C51 COMPILER V9.01   MAIN                                                                  04/23/2021 21:14:31 PAGE 2   

   XDATA SIZE       =   ----    ----
   PDATA SIZE       =   ----    ----
   DATA SIZE        =      3       4
   IDATA SIZE       =   ----    ----
   BIT SIZE         =   ----    ----
END OF MODULE INFORMATION.


C51 COMPILATION COMPLETE.  0 WARNING(S),  0 ERROR(S)
