C51 COMPILER V9.01   UART                                                                  04/23/2021 21:14:31 PAGE 1   


C51 COMPILER V9.01, COMPILATION OF MODULE UART
OBJECT MODULE PLACED IN .\Uart.obj
COMPILER INVOKED BY: D:\Program Files\Keilc\C51\BIN\C51.EXE ..\lib\Uart.c BROWSE DEBUG OBJECTEXTEND PRINT(.\Uart.lst) OB
                    -JECT(.\Uart.obj)

line level    source

   1          #include"Uart.h"
   2          
   3          void Uart_Init()
   4          {
   5   1              SM0 = 0; // set mode 1 UART
   6   1              SM1 = 1; //      set mode 1 UART
   7   1              TMOD &= 0x0F;
   8   1              TMOD |= 0x20; // thiet lap che do 8 bit tu dong nap lai
   9   1              
  10   1              TH1 = 0xFA; // Thiet lap toc do baund 9600
  11   1              TR1 = 1; // cho phep dem xung
  12   1              TI = 1; // san sang nhan du lieu
  13   1              REN = 1; // cho phep nhan du lieu
  14   1      }
  15          void Uart_Write_Mode1(char c)
  16          {
  17   1              while( TI == 0);
  18   1              TI = 0;
  19   1              SBUF = c;
  20   1      }
  21          void Uart_Write_Text(char *str)
  22          {
  23   1               char i;
  24   1              while(str[i]!= 0)
  25   1              {
  26   2                      Uart_Write_Mode1(str[i]);
  27   2                      i++;
  28   2              }
  29   1      }
  30          bit Uart_Ready()
  31          {
  32   1              return RI;
  33   1      }
  34          char Uart_Read_Mode1()
  35          {
  36   1              RI = 0;
  37   1              return SBUF;
  38   1      }


MODULE INFORMATION:   STATIC OVERLAYABLE
   CODE SIZE        =     72    ----
   CONSTANT SIZE    =   ----    ----
   XDATA SIZE       =   ----    ----
   PDATA SIZE       =   ----    ----
   DATA SIZE        =   ----       4
   IDATA SIZE       =   ----    ----
   BIT SIZE         =   ----    ----
END OF MODULE INFORMATION.


C51 COMPILATION COMPLETE.  0 WARNING(S),  0 ERROR(S)
