C51 COMPILER V9.01   MAIN                                                                  09/14/2021 09:44:01 PAGE 1   


C51 COMPILER V9.01, COMPILATION OF MODULE MAIN
OBJECT MODULE PLACED IN main.OBJ
COMPILER INVOKED BY: D:\Program Files \Keil4\C51\BIN\C51.EXE main.c BROWSE DEBUG OBJECTEXTEND

line level    source

   1          #include <REGX51.H>
   2          #define LED P2
   3          
   4          void Delay_ms(unsigned int t)
   5          {
   6   1              unsigned int x,y;
   7   1              for(x = 0; x <t; x++)
   8   1              {
   9   2               for(y = 0; y < 123; y++);
  10   2              }
  11   1      }
  12          
  13          void main()
  14          {                                                                                                                                                                                                                                                                                                                                                                                                                                                                                                                                                                                                                                                                                                                                                                                                                                                                       
             -                                                                                                                                                                                                                                                                                                                        
  15   1              unsigned char i;
  16   1              // dich bit sang phai
  17   1           char b = 0x80;
  18   1              
  19   1              while(1)
  20   1              {
  21   2              // dao trang thai port
  22   2              LED = 0xff;
  23   2              for(i = 0; i<5; i++)
  24   2              {
  25   3                      LED = ~ LED;
  26   3                      Delay_ms(500);  
  27   3              }
  28   2              // dich bit sang trai
  29   2              LED = 0x01;
  30   2          Delay_ms(500);
  31   2              for(i = 0 ; i<7; i++)
  32   2              {
  33   3                      LED = LED << 1;
  34   3                      Delay_ms(500);  
  35   3              }
  36   2              // dich bit sang phai
  37   2              for(i = 0 ; i<7; i++)
  38   2              {
  39   3                      LED = LED >> 1;
  40   3                      Delay_ms(500);  
  41   3              }
  42   2              for(i = 0 ; i<7; i++)
  43   2              {
  44   3                      b = b >> 1;
  45   3                      Delay_ms(500);
  46   3                      LED = b;
  47   3                      Delay_ms(500);  
  48   3              }  
  49   2              LED = 0x01;
  50   2              Delay_ms(500);
  51   2              // set 1 bit bang phep or
  52   2              for(i = 0 ; i<7; i++)
  53   2              {
  54   3                      LED = (LED<<1)|(0x01);
C51 COMPILER V9.01   MAIN                                                                  09/14/2021 09:44:01 PAGE 2   

  55   3                      Delay_ms(500);
  56   3              }       
  57   2               
  58   2              }
  59   1      }                                       


MODULE INFORMATION:   STATIC OVERLAYABLE
   CODE SIZE        =    136    ----
   CONSTANT SIZE    =   ----    ----
   XDATA SIZE       =   ----    ----
   PDATA SIZE       =   ----    ----
   DATA SIZE        =   ----       1
   IDATA SIZE       =   ----    ----
   BIT SIZE         =   ----    ----
END OF MODULE INFORMATION.


C51 COMPILATION COMPLETE.  0 WARNING(S),  0 ERROR(S)
