C51 COMPILER V9.01   MAIN                                                                  04/08/2021 08:41:35 PAGE 1   


C51 COMPILER V9.01, COMPILATION OF MODULE MAIN
OBJECT MODULE PLACED IN main.OBJ
COMPILER INVOKED BY: D:\Program Files\Keilc\C51\BIN\C51.EXE main.c BROWSE DEBUG OBJECTEXTEND

line level    source

   1          #include <REGX51.H>
   2          #include "../lib/delay.h"
   3          
   4          unsigned char code M[10][7]={{0x0E,0x11,0x13,0x15,0x19,0x11,0x0E}, // Font cua so 0
   5             {0x1F, 0x04, 0x04, 0x04, 0x14, 0x0C, 0x04}, // Font cua so 1
   6             {0x1F, 0x08, 0x04, 0x02, 0x01, 0x11, 0x0E},
   7             {0x0E, 0x11, 0x01, 0x06, 0x01, 0x11, 0x0E},
   8             {0x02, 0x1F, 0x12, 0x08, 0x04, 0x02, 0x01},
   9             {0x1E, 0x01, 0x01, 0x01, 0x1E, 0x10, 0x1F},
  10             {0x0E, 0x11, 0x11, 0x1E, 0x10, 0x11, 0x0E},
  11             {0x04, 0x04, 0x04, 0x02, 0x01, 0x01, 0x1F},
  12             {0x0E, 0x11, 0x11, 0x0E, 0x11, 0x11, 0x0E},
  13             {0x0E, 0x01, 0x01, 0x0F, 0x11, 0x11, 0x0E}};
  14          
  15          void main()
  16          {
  17   1              unsigned char i,n, dem;
  18   1      
  19   1              
  20   1              while(1)
  21   1              {
  22   2              for( dem = 0; dem < 10; dem++)
  23   2                      for(n = 0; n < 142; n++)
  24   2                                      for(i = 0; i < 7; i++)
  25   2                                      {
  26   3                                              P0 = M[dem][i];
  27   3                                              P3 = (0x01)<<i;
  28   3                                              Delay_ms(1);
  29   3                                              P3 = 0x00;
  30   3                                      }       
  31   2      
  32   2              }
  33   1      }


MODULE INFORMATION:   STATIC OVERLAYABLE
   CODE SIZE        =     93    ----
   CONSTANT SIZE    =     70    ----
   XDATA SIZE       =   ----    ----
   PDATA SIZE       =   ----    ----
   DATA SIZE        =   ----       3
   IDATA SIZE       =   ----    ----
   BIT SIZE         =   ----    ----
END OF MODULE INFORMATION.


C51 COMPILATION COMPLETE.  0 WARNING(S),  0 ERROR(S)
