C51 COMPILER V9.01   MAIN                                                                  07/03/2020 10:49:15 PAGE 1   


C51 COMPILER V9.01, COMPILATION OF MODULE MAIN
OBJECT MODULE PLACED IN main.OBJ
COMPILER INVOKED BY: C:\Keil\C51\BIN\C51.EXE main.c BROWSE DEBUG OBJECTEXTEND

line level    source

   1          #include <REGX51.H>
   2          #include"..\lib\delay.h"
   3          
   4          #define Led P0
   5          
   6          
   7          void main()
   8          {       
   9   1              unsigned char i;
  10   1              // dich bit sang phai
  11   1           char b = 0x80;
  12   1              
  13   1              while(1)
  14   1              {
  15   2              // dao trang thai port
  16   2              Led = 0xff;
  17   2              for(i = 0; i<5; i++)
  18   2              {
  19   3                      Led = ~ Led;
  20   3                      Delay_ms(500);  
  21   3              }
  22   2              // dich bit sang trai
  23   2              Led = 0x01;
  24   2              Delay_ms(500);
  25   2              for(i = 0 ; i<7; i++)
  26   2              {
  27   3                      P0 = P0 << 1;
  28   3                      Delay_ms(500);  
  29   3              }
  30   2              // dich bit sang phai
  31   2              for(i = 0 ; i<7; i++)
  32   2              {
  33   3                      P0 = P0 >> 1;
  34   3                      Delay_ms(500);  
  35   3              }
  36   2              for(i = 0 ; i<7; i++)
  37   2              {
  38   3                      b = b >> 1;
  39   3                      Delay_ms(500);
  40   3                      Led = b;
  41   3                      Delay_ms(500);  
  42   3              }  
  43   2              Led = 0x01;
  44   2              Delay_ms(500);
  45   2              // set 1 bit bang phep or
  46   2              for(i = 0 ; i<7; i++)
  47   2              {
  48   3                      Led = (Led<<1)|(0x01);
  49   3                      Delay_ms(500);
  50   3              }
  51   2              
  52   2               
  53   2              }
  54   1      }

C51 COMPILER V9.01   MAIN                                                                  07/03/2020 10:49:15 PAGE 2   


MODULE INFORMATION:   STATIC OVERLAYABLE
   CODE SIZE        =    166    ----
   CONSTANT SIZE    =   ----    ----
   XDATA SIZE       =   ----    ----
   PDATA SIZE       =   ----    ----
   DATA SIZE        =   ----       2
   IDATA SIZE       =   ----    ----
   BIT SIZE         =   ----    ----
END OF MODULE INFORMATION.


C51 COMPILATION COMPLETE.  0 WARNING(S),  0 ERROR(S)
