C51 COMPILER V9.01   MAIN                                                                  07/05/2020 15:56:04 PAGE 1   


C51 COMPILER V9.01, COMPILATION OF MODULE MAIN
OBJECT MODULE PLACED IN main.OBJ
COMPILER INVOKED BY: C:\Keil\C51\BIN\C51.EXE main.c BROWSE DEBUG OBJECTEXTEND

line level    source

   1          #include <REGX51.H>
   2          #include"..\lib\delay.h"
   3          #include"port.h"
   4          
   5          
   6          
   7          
   8          void main()
   9          {
  10   1              IT1 = 1; // cho phep ngat  canh xuong
  11   1              EX1 = 1; // cho phep ngat ngoai 1
  12   1              EA = 1; // cho phep ngat toan cuc
  13   1      
  14   1              LED1 = LED2 = LED3 = LED4 = 0;
  15   1              while(1)
  16   1              {
  17   2                       PCON |= 0x01; // dua vdk vao trang thai nghi
  18   2              }
  19   1      }
  20          void EX1_IR(void) interrupt     2
  21          {
  22   1              Delay_ms(20); // chong doi phim
  23   1              if(!BTN1)
  24   1              {
  25   2                      LED1 = !LED1;
  26   2                      while(!BTN1);
  27   2              }
  28   1              if(!BTN2)
  29   1              {
  30   2                      LED2 = !LED2;
  31   2                      while(!BTN2);
  32   2              }
  33   1              if(!BTN3)
  34   1              {
  35   2                      LED3 = !LED3;
  36   2                      while(!BTN3);
  37   2              }
  38   1              if(!BTN4)
  39   1              {
  40   2                      LED4 = !LED4;
  41   2                      while(!BTN4);
  42   2              }
  43   1      
  44   1      }                                                        


MODULE INFORMATION:   STATIC OVERLAYABLE
   CODE SIZE        =    114    ----
   CONSTANT SIZE    =   ----    ----
   XDATA SIZE       =   ----    ----
   PDATA SIZE       =   ----    ----
   DATA SIZE        =   ----    ----
   IDATA SIZE       =   ----    ----
   BIT SIZE         =   ----    ----
END OF MODULE INFORMATION.

C51 COMPILER V9.01   MAIN                                                                  07/05/2020 15:56:04 PAGE 2   


C51 COMPILATION COMPLETE.  0 WARNING(S),  0 ERROR(S)
