C51 COMPILER V9.01   MAIN                                                                  09/14/2021 15:24:21 PAGE 1   


C51 COMPILER V9.01, COMPILATION OF MODULE MAIN
OBJECT MODULE PLACED IN main.OBJ
COMPILER INVOKED BY: D:\Program Files \Keil4\C51\BIN\C51.EXE main.c BROWSE DEBUG OBJECTEXTEND

line level    source

   1          #include <REGX51.H>
   2          
   3          
   4          #define LED_GIO P0
   5          #define LED_PHUT P1
   6          #define LED_GIAY P3
   7          
   8          #define LED1_PIN P2_0
   9          #define LED2_PIN P2_1
  10          #define LED3_PIN P2_2
  11          #define LED4_PIN P2_3
  12          #define LED5_PIN P2_4
  13          #define LED6_PIN P2_5
  14          
  15          unsigned char code Code7Seg[]={0xC0, 0xF9, 0xA4, 0xB0, 0x99, 0x92, 0x82, 0xF8, 0x80, 0x90};
  16          
  17          void Delay_ms (unsigned int t) {
  18   1              
  19   1              unsigned int x, y;
  20   1              
  21   1              for (x = 0; x < t; x++)
  22   1              {
  23   2                      for (y = 0; y < 123; y++);
  24   2              }
  25   1              
  26   1      }
  27          
  28          void main()
  29          {
  30   1              unsigned long GIO,PHUT,GIAY,i;
  31   1              GIO  = 0;
  32   1              PHUT = 0;
  33   1              GIAY = 0;
  34   1              while(1)
  35   1              {
  36   2              //GIO
  37   2                      for(i = 0; i< 166; i++)
  38   2                      {
  39   3                               LED_GIO =  Code7Seg[GIO/10];
  40   3                               LED1_PIN = 0;
  41   3                               Delay_ms(1);
  42   3                               LED1_PIN = 1;
  43   3              
  44   3                               LED_GIO =  Code7Seg[GIO%10];
  45   3                               LED2_PIN = 0;
  46   3                               Delay_ms(1);
  47   3                               LED2_PIN = 1;
  48   3                               //PHUT
  49   3                               LED_PHUT =  Code7Seg[PHUT/10];
  50   3                               LED3_PIN = 0;
  51   3                               Delay_ms(1);
  52   3                               LED3_PIN = 1;
  53   3                       
  54   3      
  55   3                               LED_PHUT =  Code7Seg[PHUT%10];
C51 COMPILER V9.01   MAIN                                                                  09/14/2021 15:24:21 PAGE 2   

  56   3                               LED4_PIN = 0;
  57   3                               Delay_ms(1);
  58   3                               LED4_PIN = 1;
  59   3                       //GIAY
  60   3                               LED_GIAY =  Code7Seg[GIAY/10];
  61   3                               LED5_PIN = 0;
  62   3                               Delay_ms(1);
  63   3                               LED5_PIN = 1;
  64   3              
  65   3                               LED_GIAY =  Code7Seg[GIAY%10];
  66   3                               LED6_PIN = 0;
  67   3                               Delay_ms(1);
  68   3                               LED6_PIN = 1;
  69   3                      }               
  70   2                       GIAY++;
  71   2                       if(GIAY == 60)
  72   2                       {
  73   3                              PHUT++;
  74   3                              GIAY = 0;
  75   3                       }
  76   2                       if(PHUT == 60)
  77   2                       {
  78   3                              GIO++;
  79   3                              PHUT = 0;
  80   3                       }
  81   2      
  82   2              }
  83   1      }
  84          


MODULE INFORMATION:   STATIC OVERLAYABLE
   CODE SIZE        =    472    ----
   CONSTANT SIZE    =     10    ----
   XDATA SIZE       =   ----    ----
   PDATA SIZE       =   ----    ----
   DATA SIZE        =   ----      16
   IDATA SIZE       =   ----    ----
   BIT SIZE         =   ----    ----
END OF MODULE INFORMATION.


C51 COMPILATION COMPLETE.  0 WARNING(S),  0 ERROR(S)
