C51 COMPILER V9.01   MAIN                                                                  10/22/2020 17:12:44 PAGE 1   


C51 COMPILER V9.01, COMPILATION OF MODULE MAIN
OBJECT MODULE PLACED IN main.OBJ
COMPILER INVOKED BY: D:\Program Files\Keilc\C51\BIN\C51.EXE main.c BROWSE DEBUG OBJECTEXTEND

line level    source

   1          #include <REGX51.H>
   2          
   3          #define X1 P2_0
   4          #define V1 P2_1
   5          #define D1 P2_2
   6          #define X2 P2_3
   7          #define V2 P2_4
   8          #define D2 P2_5
   9          
  10          void Delay_ms(unsigned int t)
  11          {
  12   1              unsigned int x,y;
  13   1              for(x = 0; x  <t; x++)
  14   1              {
  15   2               for(y = 0; y < 123; y++);
  16   2              }
  17   1      }
  18          void main()
  19          {
  20   1      
  21   1              P2 = 0x00;
  22   1      
  23   1              while(1)
  24   1              {
  25   2                      X1 = 1;
  26   2                      D2 = 1;
  27   2                      V1 = D1 = V2 = X2 = 0;
  28   2                      Delay_ms(25000);
  29   2      
  30   2                      V1 = 1;
  31   2                      X1 = 0;
  32   2                      Delay_ms(5000);
  33   2      
  34   2                      D1 = 1;
  35   2                      V2 = 1;
  36   2                      V1 = 0;
  37   2                      D2 = 0;
  38   2                      Delay_ms(5000);
  39   2      
  40   2                      X2 = 1;
  41   2                      V2 = 0;
  42   2                      Delay_ms(25000);
  43   2      
  44   2              }
  45   1      }


MODULE INFORMATION:   STATIC OVERLAYABLE
   CODE SIZE        =     89    ----
   CONSTANT SIZE    =   ----    ----
   XDATA SIZE       =   ----    ----
   PDATA SIZE       =   ----    ----
   DATA SIZE        =   ----    ----
   IDATA SIZE       =   ----    ----
   BIT SIZE         =   ----    ----
C51 COMPILER V9.01   MAIN                                                                  10/22/2020 17:12:44 PAGE 2   

END OF MODULE INFORMATION.


C51 COMPILATION COMPLETE.  0 WARNING(S),  0 ERROR(S)
