C51 COMPILER V9.01   UART                                                                  07/06/2020 19:18:15 PAGE 1   


C51 COMPILER V9.01, COMPILATION OF MODULE UART
OBJECT MODULE PLACED IN .\Uart.obj
COMPILER INVOKED BY: C:\Keil\C51\BIN\C51.EXE ..\lib\Uart.c BROWSE DEBUG OBJECTEXTEND PRINT(.\Uart.lst) OBJECT(.\Uart.obj
                    -)

line level    source

   1          #include"Uart.h"
   2          
   3          void Uart_Init()
   4          {
   5   1              SM0 = 0; // set mode 1 UART
   6   1              SM1 = 1; //      set mode 1 UART
   7   1              TMOD = 0x20; // thiet lap che do 8 bit tu dong nap lai
   8   1              
   9   1              TH1 = 0xFD; // Thiet lap toc do baund 9600
  10   1              TR1 = 1; // cho phep dem xung
  11   1              TI = 1; // san sang nhan du lieu
  12   1              REN = 1; // cho phep nhan du lieu
  13   1      }
  14          void Uart_Write_Mode1(char c)
  15          {
  16   1              while( TI == 0);
  17   1              TI = 0;
  18   1              SBUF = c;
  19   1      }
  20          void Uart_Write_Text(char *str)
  21          {
  22   1               char i;
  23   1              while(str[i]!= 0)
  24   1              {
  25   2                      Uart_Write_Mode1(str[i]);
  26   2                      i++;
  27   2              }
  28   1      }
  29          bit Uart_Ready()
  30          {
  31   1              return RI;
  32   1      }
  33          char Uart_Read_Mode1()
  34          {
  35   1              RI = 0;
  36   1              return SBUF;
  37   1      }


MODULE INFORMATION:   STATIC OVERLAYABLE
   CODE SIZE        =     69    ----
   CONSTANT SIZE    =   ----    ----
   XDATA SIZE       =   ----    ----
   PDATA SIZE       =   ----    ----
   DATA SIZE        =   ----       4
   IDATA SIZE       =   ----    ----
   BIT SIZE         =   ----    ----
END OF MODULE INFORMATION.


C51 COMPILATION COMPLETE.  0 WARNING(S),  0 ERROR(S)
